[    0.000000] Initializing cgroup subsys cpuset
[    0.000000] Initializing cgroup subsys cpu
[    0.000000] Initializing cgroup subsys cpuacct
[    0.000000] Linux version 4.4.0-141-generic (buildd@lcy01-amd64-027) (gcc version 5.4.0 20160609 (Ubuntu 5.4.0-6ubuntu1~16.04.10) ) #167-Ubuntu SMP Wed Dec 5 10:38:08 UTC 2018 (Ubuntu 4.4.0-141.167-generic 4.4.162)
[    0.000000] KERNEL supported cpus:
[    0.000000]   Intel GenuineIntel
[    0.000000]   AMD AuthenticAMD
[    0.000000]   NSC Geode by NSC
[    0.000000]   Cyrix CyrixInstead
[    0.000000]   Centaur CentaurHauls
[    0.000000]   Transmeta GenuineTMx86
[    0.000000]   Transmeta TransmetaCPU
[    0.000000]   UMC UMC UMC UMC
[    0.000000] x86/fpu: xstate_offset[2]:  576, xstate_sizes[2]:  256
[    0.000000] x86/fpu: Supporting XSAVE feature 0x01: 'x87 floating point registers'
[    0.000000] x86/fpu: Supporting XSAVE feature 0x02: 'SSE registers'
[    0.000000] x86/fpu: Supporting XSAVE feature 0x04: 'AVX registers'
[    0.000000] x86/fpu: Enabled xstate features 0x7, context size is 832 bytes, using 'standard' format.
[    0.000000] e820: BIOS-provided physical RAM map:
[    0.000000] BIOS-e820: [mem 0x0000000000000000-0x000000000009fbff] usable
[    0.000000] BIOS-e820: [mem 0x000000000009fc00-0x000000000009ffff] reserved
[    0.000000] BIOS-e820: [mem 0x00000000000f0000-0x00000000000fffff] reserved
[    0.000000] BIOS-e820: [mem 0x0000000000100000-0x000000007ffeffff] usable
[    0.000000] BIOS-e820: [mem 0x000000007fff0000-0x000000007fffffff] ACPI data
[    0.000000] BIOS-e820: [mem 0x00000000fec00000-0x00000000fec00fff] reserved
[    0.000000] BIOS-e820: [mem 0x00000000fee00000-0x00000000fee00fff] reserved
[    0.000000] BIOS-e820: [mem 0x00000000fffc0000-0x00000000ffffffff] reserved
[    0.000000] NX (Execute Disable) protection: active
[    0.000000] SMBIOS 2.5 present.
[    0.000000] Hypervisor detected: KVM
[    0.000000] e820: last_pfn = 0x7fff0 max_arch_pfn = 0x1000000
[    0.000000] MTRR: Disabled
[    0.000000] x86/PAT: MTRRs disabled, skipping PAT initialization too.
[    0.000000] CPU MTRRs all blank - virtualized system.
[    0.000000] x86/PAT: Configuration [0-7]: WB  WT  UC- UC  WB  WT  UC- UC  
[    0.000000] found SMP MP-table at [mem 0x0009fff0-0x0009ffff] mapped at [c009fff0]
[    0.000000] Scanning 1 areas for low memory corruption
[    0.000000] RAMDISK: [mem 0x3631c000-0x37185fff]
[    0.000000] ACPI: Early table checksum verification disabled
[    0.000000] ACPI: RSDP 0x00000000000E0000 000024 (v02 VBOX  )
[    0.000000] ACPI: XSDT 0x000000007FFF0030 00003C (v01 VBOX   VBOXXSDT 00000001 ASL  00000061)
[    0.000000] ACPI: FACP 0x000000007FFF00F0 0000F4 (v04 VBOX   VBOXFACP 00000001 ASL  00000061)
[    0.000000] ACPI: DSDT 0x000000007FFF0470 0021FF (v02 VBOX   VBOXBIOS 00000002 INTL 20100528)
[    0.000000] ACPI: FACS 0x000000007FFF0200 000040
[    0.000000] ACPI: FACS 0x000000007FFF0200 000040
[    0.000000] ACPI: APIC 0x000000007FFF0240 000054 (v02 VBOX   VBOXAPIC 00000001 ASL  00000061)
[    0.000000] ACPI: SSDT 0x000000007FFF02A0 0001CC (v01 VBOX   VBOXCPUT 00000002 INTL 20100528)
[    0.000000] 1155MB HIGHMEM available.
[    0.000000] 891MB LOWMEM available.
[    0.000000]   mapped low ram: 0 - 37bfe000
[    0.000000]   low ram: 0 - 37bfe000
[    0.000000] kvm-clock: Using msrs 4b564d01 and 4b564d00
[    0.000000] kvm-clock: cpu 0, msr 0:37bfd001, primary cpu clock
[    0.000000] kvm-clock: using sched offset of 13680062457 cycles
[    0.000000] clocksource: kvm-clock: mask: 0xffffffffffffffff max_cycles: 0x1cd42e4dffb, max_idle_ns: 881590591483 ns
[    0.000000] Zone ranges:
[    0.000000]   DMA      [mem 0x0000000000001000-0x0000000000ffffff]
[    0.000000]   Normal   [mem 0x0000000001000000-0x0000000037bfdfff]
[    0.000000]   HighMem  [mem 0x0000000037bfe000-0x000000007ffeffff]
[    0.000000] Movable zone start for each node
[    0.000000] Early memory node ranges
[    0.000000]   node   0: [mem 0x0000000000001000-0x000000000009efff]
[    0.000000]   node   0: [mem 0x0000000000100000-0x000000007ffeffff]
[    0.000000] Initmem setup node 0 [mem 0x0000000000001000-0x000000007ffeffff]
[    0.000000] Using APIC driver default
[    0.000000] ACPI: PM-Timer IO Port: 0x4008
[    0.000000] IOAPIC[0]: apic_id 1, version 32, address 0xfec00000, GSI 0-23
[    0.000000] ACPI: INT_SRC_OVR (bus 0 bus_irq 0 global_irq 2 dfl dfl)
[    0.000000] ACPI: INT_SRC_OVR (bus 0 bus_irq 9 global_irq 9 low level)
[    0.000000] Using ACPI (MADT) for SMP configuration information
[    0.000000] smpboot: Allowing 1 CPUs, 0 hotplug CPUs
[    0.000000] PM: Registered nosave memory: [mem 0x00000000-0x00000fff]
[    0.000000] PM: Registered nosave memory: [mem 0x0009f000-0x0009ffff]
[    0.000000] PM: Registered nosave memory: [mem 0x000a0000-0x000effff]
[    0.000000] PM: Registered nosave memory: [mem 0x000f0000-0x000fffff]
[    0.000000] e820: [mem 0x80000000-0xfebfffff] available for PCI devices
[    0.000000] Booting paravirtualized kernel on KVM
[    0.000000] clocksource: refined-jiffies: mask: 0xffffffff max_cycles: 0xffffffff, max_idle_ns: 7645519600211568 ns
[    0.000000] setup_percpu: NR_CPUS:8 nr_cpumask_bits:8 nr_cpu_ids:1 nr_node_ids:1
[    0.000000] PERCPU: Embedded 19 pages/cpu @f71c3000 s47436 r0 d30388 u77824
[    0.000000] PV qspinlock hash table entries: 512 (order: 0, 4096 bytes)
[    0.000000] Built 1 zonelists in Zone order, mobility grouping on.  Total pages: 521944
[    0.000000] Kernel command line: BOOT_IMAGE=/boot/vmlinuz-4.4.0-141-generic root=UUID=1fcf1ded-2dc3-40a5-a562-f1e6dbe028b1 ro console=tty1 console=ttyS0
[    0.000000] PID hash table entries: 4096 (order: 2, 16384 bytes)
[    0.000000] Dentry cache hash table entries: 131072 (order: 7, 524288 bytes)
[    0.000000] Inode-cache hash table entries: 65536 (order: 6, 262144 bytes)
[    0.000000] Initializing CPU#0
[    0.000000] Initializing HighMem for node 0 (00037bfe:0007fff0)
[    0.000000] Initializing Movable for node 0 (00000000:00000000)
[    0.000000] Memory: 2046456K/2096696K available (8052K kernel code, 778K rwdata, 3180K rodata, 952K init, 800K bss, 50240K reserved, 0K cma-reserved, 1183688K highmem)
[    0.000000] virtual kernel memory layout:
[    0.000000]     fixmap  : 0xfff15000 - 0xfffff000   ( 936 kB)
[    0.000000]     pkmap   : 0xffc00000 - 0xffe00000   (2048 kB)
[    0.000000]     vmalloc : 0xf83fe000 - 0xffbfe000   ( 120 MB)
[    0.000000]     lowmem  : 0xc0000000 - 0xf7bfe000   ( 891 MB)
[    0.000000]       .init : 0xc1bbe000 - 0xc1cac000   ( 952 kB)
[    0.000000]       .data : 0xc17dd3c4 - 0xc1bbc9c0   (3965 kB)
[    0.000000]       .text : 0xc1000000 - 0xc17dd3c4   (8052 kB)
[    0.000000] Checking if this processor honours the WP bit even in supervisor mode...Ok.
[    0.000000] SLUB: HWalign=64, Order=0-3, MinObjects=0, CPUs=1, Nodes=1
[    0.000000] Hierarchical RCU implementation.
[    0.000000] 	Build-time adjustment of leaf fanout to 32.
[    0.000000] 	RCU restricting CPUs from NR_CPUS=8 to nr_cpu_ids=1.
[    0.000000] RCU: Adjusting geometry for rcu_fanout_leaf=32, nr_cpu_ids=1
[    0.000000] NR_IRQS:2304 nr_irqs:256 16
[    0.000000] Console: colour VGA+ 80x25
[    0.000000] console [tty1] enabled
[    0.000000] console [ttyS0] enabled
[    0.000000] allocated 2097152 bytes of page_ext
[    0.000000] tsc: Detected 2591.996 MHz processor
[    4.553740] Calibrating delay loop (skipped) preset value.. 5183.99 BogoMIPS (lpj=10367984)
[    4.612269] pid_max: default: 32768 minimum: 301
[    4.639044] ACPI: Core revision 20150930
[    4.667100] ACPI: 2 ACPI AML tables successfully acquired and loaded
[    4.710301] Security Framework initialized
[    4.737299] Yama: becoming mindful.
[    4.760632] AppArmor: AppArmor initialized
[    4.786741] Mount-cache hash table entries: 2048 (order: 1, 8192 bytes)
[    4.824786] Mountpoint-cache hash table entries: 2048 (order: 1, 8192 bytes)
[    4.864240] Initializing cgroup subsys io
[    4.890198] Initializing cgroup subsys memory
[    4.917927] Initializing cgroup subsys devices
[    4.946501] Initializing cgroup subsys freezer
[    4.973071] Initializing cgroup subsys net_cls
[    5.000953] Initializing cgroup subsys perf_event
[    5.029478] Initializing cgroup subsys net_prio
[    5.056671] Initializing cgroup subsys hugetlb
[    5.084097] Initializing cgroup subsys pids
[    5.115596] mce: CPU supports 0 MCE banks
[    5.140333] process: using mwait in idle threads
[    5.167982] Last level iTLB entries: 4KB 64, 2MB 8, 4MB 8
[    5.198937] Last level dTLB entries: 4KB 64, 2MB 0, 4MB 0, 1GB 4
[    5.232152] Spectre V2 : Mitigation: Full generic retpoline
[    5.263668] Spectre V2 : Spectre v2 mitigation: Speculation control IBPB not-supported IBRS not-supported
[    5.309342] Spectre V2 : Spectre v2 / SpectreRSB mitigation: Filling RSB on context switch
[    5.366814] Speculative Store Bypass: Vulnerable
[    5.607941] Freeing SMP alternatives memory: 32K
[    5.761021] ftrace: allocating 31566 entries in 62 pages
[    6.363133] smpboot: APIC(0) Converting physical 0 to logical package 0
[    6.398408] smpboot: Max logical packages: 1
[    6.424117] Enabling APIC mode:  Flat.  Using 1 I/O APICs
[    6.485150] ..TIMER: vector=0x30 apic1=0 pin1=2 apic2=-1 pin2=-1
[    6.621765] smpboot: CPU0: Intel(R) Core(TM) i7-6500U CPU @ 2.50GHz (family: 0x6, model: 0x4e, stepping: 0x3)
[    6.695582] Performance Events: unsupported p6 CPU model 78 no PMU driver, software events only.
[    6.752897] KVM setup paravirtual spinlock
[    6.777339] x86: Booted up 1 node, 1 CPUs
[    6.800770] smpboot: Total of 1 processors activated (5183.99 BogoMIPS)
[    6.840955] devtmpfs: initialized
[    6.863536] evm: security.selinux
[    6.885094] evm: security.SMACK64
[    6.906480] evm: security.SMACK64EXEC
[    6.929418] evm: security.SMACK64TRANSMUTE
[    6.954519] evm: security.SMACK64MMAP
[    6.977683] evm: security.ima
[    6.997741] evm: security.capability
[    7.020562] clocksource: jiffies: mask: 0xffffffff max_cycles: 0xffffffff, max_idle_ns: 7645041785100000 ns
[    7.074675] futex hash table entries: 256 (order: 2, 16384 bytes)
[    7.107659] pinctrl core: initialized pinctrl subsystem
[    7.138258] RTC time: 10:57:01, date: 01/04/19
[    7.164646] NET: Registered protocol family 16
[    7.191489] EISA bus registered
[    7.212873] cpuidle: using governor ladder
[    7.237506] cpuidle: using governor menu
[    7.261939] PCCT header not found.
[    7.285052] ACPI: bus type PCI registered
[    7.309197] acpiphp: ACPI Hot Plug PCI Controller Driver version: 0.5
[    7.345907] PCI : PCI BIOS area is rw and x. Use pci=nobios if you want it NX.
[    7.388042] PCI: PCI BIOS revision 2.10 entry at 0xfda26, last bus=0
[    7.422954] PCI: Using configuration type 1 for base access
[    7.455130] ACPI: Added _OSI(Module Device)
[    7.480366] ACPI: Added _OSI(Processor Device)
[    7.507168] ACPI: Added _OSI(3.0 _SCP Extensions)
[    7.534971] ACPI: Added _OSI(Processor Aggregator Device)
[    7.571740] ACPI: Executed 1 blocks of module-level executable AML code
[    7.620365] ACPI: Interpreter enabled
[    7.643608] ACPI: (supports S0 S5)
[    7.665229] ACPI: Using IOAPIC for interrupt routing
[    7.694719] PCI: Using host bridge windows from ACPI; if necessary, use "pci=nocrs" and report a bug
[    8.037107] ACPI: PCI Root Bridge [PCI0] (domain 0000 [bus 00-ff])
[    8.070669] acpi PNP0A03:00: _OSC: OS supports [ASPM ClockPM Segments MSI]
[    8.108678] acpi PNP0A03:00: _OSC: not requesting OS control; OS requires [ExtendedConfig ASPM ClockPM MSI]
[    8.162185] acpi PNP0A03:00: fail to add MMCONFIG information, can't access extended PCI configuration space under this bridge.
[    8.227796] PCI host bridge to bus 0000:00
[    8.252336] pci_bus 0000:00: root bus resource [io  0x0000-0x0cf7 window]
[    8.287643] pci_bus 0000:00: root bus resource [io  0x0d00-0xffff window]
[    8.323586] pci_bus 0000:00: root bus resource [mem 0x000a0000-0x000bffff window]
[    8.367214] pci_bus 0000:00: root bus resource [mem 0x80000000-0xfdffffff window]
[    8.411681] pci_bus 0000:00: root bus resource [bus 00-ff]
[    8.491003] pci 0000:00:01.1: legacy IDE quirk: reg 0x10: [io  0x01f0-0x01f7]
[    8.527909] pci 0000:00:01.1: legacy IDE quirk: reg 0x14: [io  0x03f6]
[    8.560868] pci 0000:00:01.1: legacy IDE quirk: reg 0x18: [io  0x0170-0x0177]
[    8.598086] pci 0000:00:01.1: legacy IDE quirk: reg 0x1c: [io  0x0376]
[    8.784395] pci 0000:00:07.0: quirk: [io  0x4000-0x403f] claimed by PIIX4 ACPI
[    8.833276] pci 0000:00:07.0: quirk: [io  0x4100-0x410f] claimed by PIIX4 SMB
[    8.980634] ACPI: PCI Interrupt Link [LNKA] (IRQs 5 9 10 *11)
[    9.030917] ACPI: PCI Interrupt Link [LNKB] (IRQs 5 9 *10 11)
[    9.080205] ACPI: PCI Interrupt Link [LNKC] (IRQs 5 *9 10 11)
[    9.130641] ACPI: PCI Interrupt Link [LNKD] (IRQs 5 9 10 *11)
[    9.180821] ACPI: Enabled 2 GPEs in block 00 to 07
[    9.215300] vgaarb: setting as boot device: PCI:0000:00:02.0
[    9.247100] vgaarb: device added: PCI:0000:00:02.0,decodes=io+mem,owns=io+mem,locks=none
[    9.292815] vgaarb: loaded
[    9.313235] vgaarb: bridge control possible 0000:00:02.0
[    9.345436] SCSI subsystem initialized
[    9.373810] ACPI: bus type USB registered
[    9.400670] usbcore: registered new interface driver usbfs
[    9.431860] usbcore: registered new interface driver hub
[    9.463435] usbcore: registered new device driver usb
[    9.492547] PCI: Using ACPI for IRQ routing
[    9.526259] NetLabel: Initializing
[    9.549774] NetLabel:  domain hash size = 128
[    9.577187] NetLabel:  protocols = UNLABELED CIPSOv4
[    9.608429] NetLabel:  unlabeled traffic allowed by default
[    9.640258] amd_nb: Cannot enumerate AMD northbridges
[    9.669042] clocksource: Switched to clocksource kvm-clock
[    9.719060] AppArmor: AppArmor Filesystem Enabled
[    9.747077] pnp: PnP ACPI init
[    9.777447] pnp: PnP ACPI: found 3 devices
[    9.802810] PnPBIOS: Disabled by ACPI PNP
[    9.874032] clocksource: acpi_pm: mask: 0xffffff max_cycles: 0xffffff, max_idle_ns: 2085701024 ns
[    9.924455] NET: Registered protocol family 2
[    9.954506] TCP established hash table entries: 8192 (order: 3, 32768 bytes)
[    9.993282] TCP bind hash table entries: 8192 (order: 4, 65536 bytes)
[   10.027097] TCP: Hash tables configured (established 8192 bind 8192)
[   10.060912] UDP hash table entries: 512 (order: 2, 16384 bytes)
[   10.093604] UDP-Lite hash table entries: 512 (order: 2, 16384 bytes)
[   10.129158] NET: Registered protocol family 1
[   10.155725] pci 0000:00:00.0: Limiting direct PCI/PCI transfers
[   10.188983] pci 0000:00:01.0: Activating ISA DMA hang workarounds
[   10.224984] Unpacking initramfs...
[   10.628053] Freeing initrd memory: 14760K
[   10.654934] platform rtc_cmos: registered platform RTC device (no PNP device found)
[   10.700773] Scanning for low memory corruption every 60 seconds
[   10.735116] audit: initializing netlink subsys (disabled)
[   10.765384] audit: type=2000 audit(1546599432.978:1): initialized
[   10.802701] Initialise system trusted keyring
[   10.830522] HugeTLB registered 2 MB page size, pre-allocated 0 pages
[   10.867727] zbud: loaded
[   10.887393] VFS: Disk quotas dquot_6.6.0
[   10.912972] VFS: Dquot-cache hash table entries: 1024 (order 0, 4096 bytes)
[   10.950265] squashfs: version 4.0 (2009/01/31) Phillip Lougher
[   10.983967] fuse init (API version 7.23)
[   11.008675] Key type big_key registered
[   11.033519] Allocating IMA MOK and blacklist keyrings.
[   11.068153] Key type asymmetric registered
[   11.097326] Asymmetric key parser 'x509' registered
[   11.132782] bounce: pool size: 64 pages
[   11.159106] Block layer SCSI generic (bsg) driver version 0.4 loaded (major 249)
[   11.203208] io scheduler noop registered
[   11.228007] io scheduler deadline registered (default)
[   11.261853] io scheduler cfq registered
[   11.285547] pci_hotplug: PCI Hot Plug PCI Core version: 0.5
[   11.316774] pciehp: PCI Express Hot Plug Controller Driver version: 0.4
[   11.352817] ACPI: AC Adapter [AC] (on-line)
[   11.379510] input: Power Button as /devices/LNXSYSTM:00/LNXPWRBN:00/input/input0
[   11.423394] ACPI: Power Button [PWRF]
[   11.447234] input: Sleep Button as /devices/LNXSYSTM:00/LNXSLPBN:00/input/input1
[   11.489973] ACPI: Sleep Button [SLPF]
[   11.517509] GHES: HEST is not enabled!
[   11.544278] ACPI: Battery Slot [BAT0] (battery present)
[   11.575283] Serial: 8250/16550 driver, 32 ports, IRQ sharing enabled
[   11.609757] isapnp: Scanning for PnP cards...
[   11.733492] 00:02: ttyS0 at I/O 0x3f8 (irq = 4, base_baud = 115200) is a 16550A
[   11.965256] Linux agpgart interface v0.103
[   11.995858] loop: module loaded
[   12.082051] scsi host0: ata_piix
[   12.102571] scsi host1: ata_piix
[   12.123034] ata1: PATA max UDMA/33 cmd 0x1f0 ctl 0x3f6 bmdma 0xd000 irq 14
[   12.159932] ata2: PATA max UDMA/33 cmd 0x170 ctl 0x376 bmdma 0xd008 irq 15
[   12.361411] libphy: Fixed MDIO Bus: probed
[   12.388885] tun: Universal TUN/TAP device driver, 1.6
[   12.417327] tun: (C) 1999-2004 Max Krasnyansky <maxk@qualcomm.com>
[   12.533166] PPP generic driver version 2.4.2
[   12.559083] ehci_hcd: USB 2.0 'Enhanced' Host Controller (EHCI) Driver
[   12.593901] ehci-pci: EHCI PCI platform driver
[   12.679330] isapnp: No Plug & Play device found
[   12.705622] ehci-platform: EHCI generic platform driver
[   12.735249] ohci_hcd: USB 1.1 'Open' Host Controller (OHCI) Driver
[   12.769420] ohci-pci: OHCI PCI platform driver
[   12.796994] ohci-platform: OHCI generic platform driver
[   12.826809] uhci_hcd: USB Universal Host Controller Interface driver
[   12.861216] i8042: PNP: PS/2 Controller [PNP0303:PS2K,PNP0f03:PS2M] at 0x60,0x64 irq 1,12
[   12.918323] serio: i8042 KBD port at 0x60,0x64 irq 1
[   12.952140] serio: i8042 AUX port at 0x60,0x64 irq 12
[   12.987469] mousedev: PS/2 mouse device common for all mice
[   13.032558] input: AT Translated Set 2 keyboard as /devices/platform/i8042/serio0/input/input2
[   13.102732] rtc_cmos rtc_cmos: rtc core: registered rtc_cmos as rtc0
[   13.147646] rtc_cmos rtc_cmos: alarms up to one day, 114 bytes nvram
[   13.189383] i2c /dev entries driver
[   13.216558] device-mapper: uevent: version 1.0.3
[   13.247628] device-mapper: ioctl: 4.34.0-ioctl (2015-10-28) initialised: dm-devel@redhat.com
[   13.314224] platform eisa.0: Probing EISA bus 0
[   13.349861] platform eisa.0: EISA: Cannot allocate resource for mainboard
[   13.391435] platform eisa.0: Cannot allocate resource for EISA slot 1
[   13.428926] platform eisa.0: Cannot allocate resource for EISA slot 2
[   13.479743] platform eisa.0: Cannot allocate resource for EISA slot 3
[   13.518708] platform eisa.0: Cannot allocate resource for EISA slot 4
[   13.559134] platform eisa.0: Cannot allocate resource for EISA slot 5
[   13.601748] platform eisa.0: Cannot allocate resource for EISA slot 6
[   13.640109] platform eisa.0: Cannot allocate resource for EISA slot 7
[   13.683286] platform eisa.0: Cannot allocate resource for EISA slot 8
[   13.721066] platform eisa.0: EISA: Detected 0 cards
[   13.755842] cpufreq-nforce2: No nForce2 chipset.
[   13.788983] ledtrig-cpu: registered to indicate activity on CPUs
[   13.826828] NET: Registered protocol family 10
[   13.853613] NET: Registered protocol family 17
[   13.882607] Key type dns_resolver registered
[   13.909171] Using IPI No-Shortcut mode
[   13.932408] registered taskstats version 1
[   13.956782] Loading compiled-in X.509 certificates
[   13.986856] Loaded X.509 cert 'Build time autogenerated kernel key: 8ee7231a1e42e4b4a17d0e4b95c66ffe15d3b32e'
[   14.042221] zswap: loaded using pool lzo/zbud
[   14.071491] Key type trusted registered
[   14.101302] Key type encrypted registered
[   14.126384] AppArmor: AppArmor sha1 policy hashing enabled
[   14.157736] ima: No TPM chip found, activating TPM-bypass!
[   14.189665] ima: Allocated hash algorithm: sha1
[   14.217133] evm: HMAC attrs: 0x1
[   14.244546]   Magic number: 3:769:981
[   14.268997] rtc_cmos rtc_cmos: setting system clock to 2019-01-04 10:57:08 UTC (1546599428)
[   14.317397] BIOS EDD facility v0.16 2004-Jun-25, 0 devices found
[   14.350345] EDD information not available.
[   14.383073] Freeing unused kernel memory: 952K
[   14.425515] Write protecting the kernel text: 8056k
[   14.457670] Write protecting the kernel read-only data: 3184k
[   14.493932] NX-protecting the kernel data: 6280k
Loading, please wait...
starting version 229
[   14.560183] random: udevadm: uninitialized urandom read (16 bytes read, 8 bits of entropy available)
[   14.610479] random: systemd-udevd: uninitialized urandom read (16 bytes read, 8 bits of entropy available)
[   14.665857] random: systemd-udevd: uninitialized urandom read (16 bytes read, 8 bits of entropy available)
[   14.739884] random: udevadm: uninitialized urandom read (16 bytes read, 8 bits of entropy available)
[   14.800759] random: systemd-udevd: uninitialized urandom read (16 bytes read, 8 bits of entropy available)
[   14.867261] random: udevadm: uninitialized urandom read (16 bytes read, 8 bits of entropy available)
[   14.951671] random: udevadm: uninitialized urandom read (16 bytes read, 8 bits of entropy available)
[   15.052403] random: udevadm: uninitialized urandom read (16 bytes read, 8 bits of entropy available)
[   15.392535] random: udevadm: uninitialized urandom read (16 bytes read, 8 bits of entropy available)
[   15.445915] random: udevadm: uninitialized urandom read (16 bytes read, 8 bits of entropy available)
[   15.653603] e1000: Intel(R) PRO/1000 Network Driver - version 7.3.21-k8-NAPI
[   15.690742] e1000: Copyright (c) 1999-2006 Intel Corporation.
[   15.747140] Fusion MPT base driver 3.04.20
[   15.772542] Copyright (c) 1999-2008 LSI Corporation
[   15.907643] Fusion MPT SPI Host driver 3.04.20
[   16.136412] input: ImExPS/2 Generic Explorer Mouse as /devices/platform/i8042/serio1/input/input4
[   18.373957] e1000 0000:00:03.0 eth0: (PCI:33MHz:32-bit) 02:d4:45:2a:49:3f
[   18.417784] e1000 0000:00:03.0 eth0: Intel(R) PRO/1000 Network Connection
[   18.461628] mptbase: ioc0: Initiating bringup
[   18.553936] ioc0: LSI53C1030 A0: Capabilities={Initiator}
[   18.783635] scsi host2: ioc0: LSI53C1030 A0, FwRev=00000000h, Ports=1, MaxQ=256, IRQ=20
[   18.946320] scsi 2:0:0:0: Direct-Access     VBOX     HARDDISK         1.0  PQ: 0 ANSI: 5
[   19.007631] scsi target2:0:0: Beginning Domain Validation
[   19.113603] scsi target2:0:0: Domain Validation skipping write tests
[   19.149559] scsi target2:0:0: Ending Domain Validation
[   19.242156] scsi target2:0:0: asynchronous
[   19.389819] scsi 2:0:1:0: Direct-Access     VBOX     HARDDISK         1.0  PQ: 0 ANSI: 5
[   19.496401] scsi target2:0:1: Beginning Domain Validation
[   19.812919] scsi target2:0:1: Domain Validation skipping write tests
[   19.853614] scsi target2:0:1: Ending Domain Validation
[   19.981322] scsi target2:0:1: asynchronous
[   20.534411] sd 2:0:0:0: Attached scsi generic sg0 type 0
[   20.564684] sd 2:0:0:0: [sda] 20971520 512-byte logical blocks: (10.7 GB/10.0 GiB)
[   20.639204] sd 2:0:1:0: [sdb] 20480 512-byte logical blocks: (10.5 MB/10.0 MiB)
[   20.688712] sd 2:0:1:0: Attached scsi generic sg1 type 0
[   20.755877] sd 2:0:0:0: [sda] Write Protect is off
[   20.820140] sd 2:0:1:0: [sdb] Write Protect is off
[   20.850047] sd 2:0:0:0: [sda] Incomplete mode parameter data
[   20.881878] sd 2:0:0:0: [sda] Assuming drive cache: write through
[   20.979904] sd 2:0:1:0: [sdb] Incomplete mode parameter data
[   21.012143] sd 2:0:1:0: [sdb] Assuming drive cache: write through
[   21.155679]  sda: sda1
[   21.183682] sd 2:0:1:0: [sdb] Attached SCSI disk
[   21.213063] sd 2:0:0:0: [sda] Attached SCSI disk
[   22.181735] e1000 0000:00:08.0 eth1: (PCI:33MHz:32-bit) 08:00:27:22:60:ec
[   22.218581] e1000 0000:00:08.0 eth1: Intel(R) PRO/1000 Network Connection
[   22.271816] e1000 0000:00:03.0 enp0s3: renamed from eth0
[   22.305134] e1000 0000:00:08.0 enp0s8: renamed from eth1
Begin: Loading essential drivers ... [   30.773969] md: linear personality registered for level -1
[   30.808765] md: multipath personality registered for level -4
[   30.844562] md: raid0 personality registered for level 0
[   30.883466] md: raid1 personality registered for level 1
[   30.989695] raid6: mmxx1    gen()  4723 MB/s
[   31.082134] raid6: mmxx2    gen()  4788 MB/s
[   31.173774] raid6: sse1x1   gen()  3542 MB/s
[   31.265516] raid6: sse1x2   gen()  3950 MB/s
[   31.357748] raid6: sse2x1   gen()  8641 MB/s
[   31.449462] raid6: sse2x1   xor()  6143 MB/s
[   31.541883] raid6: sse2x2   gen() 10185 MB/s
[   31.633811] raid6: sse2x2   xor()  7030 MB/s
[   31.725696] raid6: avx2x1   gen() 14565 MB/s
[   31.817298] raid6: avx2x2   gen() 18282 MB/s
[   31.843140] raid6: using algorithm avx2x2 gen() 18282 MB/s
[   31.875405] raid6: using avx2x1 recovery algorithm
[   31.907611] xor: automatically using best checksumming function:
[   31.977194]    avx       : 20116.000 MB/sec
[   32.005344] async_tx: api initialized (async)
[   32.065391] md: raid6 personality registered for level 6
[   32.096453] md: raid5 personality registered for level 5
[   32.126059] md: raid4 personality registered for level 4
[   32.171144] md: raid10 personality registered for level 10
done.
Begin: Running /scripts/init-premount ... done.
Begin: Mounting root file system ... Begin: Running /scripts/local-top ... done.
Begin: Running /scripts/local-premount ... [   32.396820] Btrfs loaded
Scanning for Btrfs filesystems
done.
[   32.488679] random: nonblocking pool is initialized
Warning: fsck not present, so skipping root file system
[   32.548045] EXT4-fs (sda1): INFO: recovery required on readonly filesystem
[   32.585254] EXT4-fs (sda1): write access will be enabled during recovery
[   32.826335] EXT4-fs (sda1): orphan cleanup on readonly fs
[   32.877260] EXT4-fs (sda1): 6 orphan inodes deleted
[   32.905616] EXT4-fs (sda1): recovery complete
[   32.937726] EXT4-fs (sda1): mounted filesystem with ordered data mode. Opts: (null)
done.
Begin: Running /scripts/local-bottom ... done.
Begin: Running /scripts/init-bottom ... done.
[   33.345757] systemd[1]: systemd 229 running in system mode. (+PAM +AUDIT +SELINUX +IMA +APPARMOR +SMACK +SYSVINIT +UTMP +LIBCRYPTSETUP +GCRYPT +GNUTLS +ACL +XZ -LZ4 +SECCOMP +BLKID +ELFUTILS +KMOD -IDN)
[   33.448473] systemd[1]: Detected virtualization oracle.
[   33.477323] systemd[1]: Detected architecture x86.

Welcome to [1mUbuntu 16.04.5 LTS[0m!

[   33.547654] systemd[1]: Set hostname to <kouosl>.
[   34.021783] systemd[1]: Created slice User and Session Slice.
[[0;32m  OK  [0m] Created slice User and Session Slice.
[   34.092172] systemd[1]: Set up automount Arbitrary Executable File Formats File System Automount Point.
[[0;32m  OK  [0m] Set up automount Arbitrary Executab...ats File System Automount Point.
[   34.190663] systemd[1]: Listening on Syslog Socket.
[[0;32m  OK  [0m] Listening on Syslog Socket.
[   34.254397] systemd[1]: Reached target User and Group Name Lookups.
[[0;32m  OK  [0m] Reached target User and Group Name Lookups.
[   34.327799] systemd[1]: Created slice System Slice.
[[0;32m  OK  [0m] Created slice System Slice.
[   34.392580] systemd[1]: Listening on LVM2 metadata daemon socket.
[[0;32m  OK  [0m] Listening on LVM2 metadata daemon socket.
[   34.469065] systemd[1]: Reached target Encrypted Volumes.
[[0;32m  OK  [0m] Reached target Encrypted Volumes.
[   34.543148] systemd[1]: Started Trigger resolvconf update for networkd DNS.
[[0;32m  OK  [0m] Started Trigger resolvconf update for networkd DNS.
[   34.623886] systemd[1]: Listening on Journal Audit Socket.
[[0;32m  OK  [0m] Listening on Journal Audit Socket.
[   34.691027] systemd[1]: Listening on Device-mapper event daemon FIFOs.
[[0;32m  OK  [0m] Listening on Device-mapper event daemon FIFOs.
[   34.766047] systemd[1]: Listening on Journal Socket.
[[0;32m  OK  [0m] Listening on Journal Socket.
[   34.829691] systemd[1]: Listening on udev Control Socket.
[[0;32m  OK  [0m] Listening on udev Control Socket.
[   34.897434] systemd[1]: Created slice system-serial\x2dgetty.slice.
[[0;32m  OK  [0m] Created slice system-serial\x2dgetty.slice.
[   34.971977] systemd[1]: Listening on udev Kernel Socket.
[[0;32m  OK  [0m] Listening on udev Kernel Socket.
[   35.037876] systemd[1]: Reached target Swap.
[[0;32m  OK  [0m] Reached target Swap.
[   35.098909] systemd[1]: Starting Create list of required static device nodes for the current kernel...
         Starting Create list of required st... nodes for the current kernel...
[   35.198682] systemd[1]: Reached target System Time Synchronized.
[[0;32m  OK  [0m] Reached target System Time Synchronized.
[   35.277080] systemd[1]: Starting Load Kernel Modules...
         Starting Load Kernel Modules...
[   35.352018] Loading iSCSI transport class v2.0-870.
[   35.381642] systemd[1]: Starting Remount Root and Kernel File Systems...
         Starting Remount Root and Kernel File Systems...
[   35.482151] systemd[1]: Reached target Slices.
[   35.511777] iscsi: registered transport (tcp)
[[0;32m  OK  [0m] Reached target Slices.[   35.589661] EXT4-fs (sda1): re-mounted. Opts: (null)

[   35.628870] systemd[1]: Mounting Debug File System...
         Mounting Debug File System...
[   35.709795] systemd[1]: Starting Uncomplicated firewall...
         Starting Uncomplicated firewall...
[   35.795304] systemd[1]: Listening on /dev/initctl Compatibility Named Pipe.
[[0;32m  OK  [0m] Listening on /dev/initctl Compatibility Named Pipe.
[   35.890796] systemd[1]: Starting Nameserver information manager...
[   35.927210] iscsi: registered transport (iser)
         Starting Nameserver information manager...
[   35.990495] systemd[1]: Started Forward Password Requests to Wall Directory Watch.
[[0;32m  OK  [0m] Started Forward Password Requests to Wall Directory Watch.
[   36.078920] systemd[1]: Mounting POSIX Message Queue File System...
         Mounting POSIX Message Queue File System...
[   36.147724] systemd[1]: Listening on Journal Socket (/dev/log).
[[0;32m  OK  [0m] Listening on Journal Socket (/dev/log).
[   36.219175] systemd[1]: Starting Journal Service...
         Starting Journal Service...
[   36.291288] systemd[1]: Mounting Huge Pages File System...
         Mounting Huge Pages File System...
[   36.376191] systemd[1]: Listening on LVM2 poll daemon socket.
[[0;32m  OK  [0m] Listening on LVM2 poll daemon socket.
[   36.454435] systemd[1]: Starting Set console keymap...
         Starting Set console keymap...
[   36.541259] systemd[1]: Starting Monitoring of LVM2 mirrors, snapshots etc. using dmeventd or progress polling...
         Starting Monitoring of LVM2 mirrors... dmeventd or progress polling...
[   36.691826] systemd[1]: Mounted Debug File System.
[[0;32m  OK  [0m] Mounted Debug File System.
[   36.833572] systemd[1]: Mounted Huge Pages File System.
[[0;32m  OK  [0m] Mounted Huge Pages File System.
[   36.902738] systemd[1]: Mounted POSIX Message Queue File System.
[[0;32m  OK  [0m] Mounted POSIX Message Queue File System.
[   36.975936] systemd[1]: Started Journal Service.
[[0;32m  OK  [0m] Started Journal Service.
[[0;32m  OK  [0m] Started Create list of required sta...ce nodes for the current kernel.
[[0;32m  OK  [0m] Started Load Kernel Modules.
[[0;32m  OK  [0m] Started Remount Root and Kernel File Systems.
[[0;32m  OK  [0m] Started Uncomplicated firewall.
[[0;32m  OK  [0m] Started Set console keymap.
[[0;32m  OK  [0m] Started Nameserver information manager.
[[0;32m  OK  [0m] Started LVM2 metadata daemon.
         Starting Load/Save Random Seed...
         Starting udev Coldplug all Devices...
         Starting Apply Kernel Variables...
         Mounting FUSE Control File System...
         Starting Create Static Device Nodes in /dev...
         Starting Flush Journal to Persistent Storage...
[[0;32m  OK  [0m] Mounted FUSE Control File System.
[[0;32m  OK  [0m] Started Monitoring of LVM2 mirrors,...ng dmeventd or progress polling.
[[0;32m  OK  [0m] Started Load/Save Random Seed.
[[0;32m  OK  [0m] Started Apply Kernel Variables.
[[0;32m  OK  [0m] Started Create Static Device Nodes in /dev.
[[0;32m  OK  [0m] Started udev Coldplug all Devices.
[[0;32m  OK  [0m] Started Flush Journal to Persistent Storage.
         Starting udev Kernel Device Manager...
[[0;32m  OK  [0m] Started udev Kernel Device Manager.
[[0;32m  OK  [0m] Reached target Local File Systems (Pre).
[[0;32m  OK  [0m] Reached target Local File Systems.
         Starting LSB: AppArmor initialization...
         Starting Set console font and keymap...
         Starting Initial cloud-init job (pre-networking)...
         Starting Tell Plymouth To Write Out Runtime Data...
         Starting Create Volatile Files and Directories...
[[0;32m  OK  [0m] Started Dispatch Password Requests to Console Directory Watch.
[[0;32m  OK  [0m] Started Tell Plymouth To Write Out Runtime Data.
[[0;32m  OK  [0m] Started Create Volatile Files and Directories.
[   34.517424] [[0;32m  OK  [0m] cloud-initStarted Initial cloud-init job (pre-networking).[512]: 
Cloud-init v. 18.3-9-g2e62cb8a-0ubuntu1~16.04.2 running 'init-local' at Fri, 04 Jan 2019 10:57:35 +0000. Up 33.40 seconds.
[[0;32m  OK  [0m] Found device /dev/ttyS0.
[[0;32m  OK  [0m] Started LSB: AppArmor initialization.
[[0;32m  OK  [0m] Listening on Load/Save RF Kill Switch Status /dev/rfkill Watch.
[[0;32m  OK  [0m] Reached target Network (Pre).
[[0;32m  OK  [0m] Started ifup for enp0s8.
         Starting Raise network interfaces...
[[0;32m  OK  [0m] Started ifup for enp0s3.
         Starting Update UTMP about System Boot/Shutdown...
[[0;32m  OK  [0m] Started Set console font and keymap.
[[0;32m  OK  [0m] Started Update UTMP about System Boot/Shutdown.
[[0;32m  OK  [0m] Created slice system-getty.slice.
[[0;32m  OK  [0m] Started Raise network interfaces.
         Starting Initial cloud-init job (metadata service crawler)...
[[0;32m  OK  [0m] Reached target Network.
[   56.643929] cloud-init[1081]: Cloud-init v. 18.3-9-g2e62cb8a-0ubuntu1~16.04.2 running 'init' at Fri, 04 Jan 2019 10:57:58 +0000. Up 55.78 seconds.
[   56.765108] cloud-init[1081]: [[0;32m  OK  [0mci-info: ++++++++++++++++++++++++++++++++++++++Net device info+++++++++++++++++++++++++++++++++++++++] Started Initial cloud-init job (metadata service crawler).

[   56.893898] [[0;32m  OK  [0mcloud-init[1081]: ci-info: +--------+------+-----------------------------+---------------+--------+-------------------+] Reached target Network is Online.
         Starting iSCSI initiator daemon (iscsid)...
[   57.003825] 
cloud-init[[0;32m  OK  [0m[1081]: ci-info: | Device |  Up  |           Address           |      Mask     | Scope  |     Hw-Address    |] Reached target System Initialization.
         Starting Socket activation for snappy daemon.
[   57.118584] cloud-init
[1081]: [[0;32m  OK  [0mci-info: +--------+------+-----------------------------+---------------+--------+-------------------+] Started Daily Cleanup of Temporary Directories.

[[   57.217951] [0;32m  OK  [0mcloud-init] Listening on D-Bus System Message Bus Socket.[1081]: ci-info: | enp0s3 | True |          10.0.2.15          | 255.255.255.0 | global | 02:d4:45:2a:49:3f |
[[0;32m  OK  [0m] Listening on ACPID Listen Socket.
[   57.322356] cloud-init
[1081]: [ci-info: | enp0s3 | True |  fe80::d4:45ff:fe2a:493f/64 |       .       |  link  | 02:d4:45:2a:49:3f |[0;32m  OK  [0m] Listening on UUID daemon activation socket.

[   57.418661] cloud-init         [1081]: Starting LXD - unix socket.ci-info: | enp0s8 | True |        192.168.83.137       | 255.255.255.0 | global | 08:00:27:22:60:ec |

[[0;32m  OK  [0m[   57.494910] ] Started ACPI Events Check.cloud-init[1081]: ci-info: | enp0s8 | True | fe80::a00:27ff:fe22:60ec/64 |       .       |  link  | 08:00:27:22:60:ec |
[[0;32m  OK  [0m] Reached target Paths.

[   57.644551] cloud-init[[1081]: [0;32m  OK  [0mci-info: |   lo   | True |          127.0.0.1          |   255.0.0.0   |  host  |         .         |] Started Daily apt download activities.
[[0;32m  OK  [0m
[   57.745998] ] Started Daily apt upgrade and clean activities.cloud-init[1081]: ci-info: |   lo   | True |           ::1/128           |       .       |  host  |         .         |
[[0;32m  OK  [0m] Reached target Timers.

[[   57.851021] [0;32m  OK  [0mcloud-init] Reached target Cloud-config availability.[1081]: ci-info: +--------+------+-----------------------------+---------------+--------+-------------------+
[[0;32m  OK  [0m] Listening on Socket activation for snappy daemon.
[   57.962690] 
cloud-init[[0;32m  OK  [0m[1081]: ] Listening on LXD - unix socket.ci-info: ++++++++++++++++++++++++++++Route IPv4 info++++++++++++++++++++++++++++
[[0;32m  OK  [0m] Started iSCSI initiator daemon (iscsid).
[   58.082903] cloud-init
[1081]: ci-info: +-------+--------------+----------+---------------+-----------+-------+
         Starting Login to default iSCSI targets...[   58.176292] cloud-init
[1081]: [ci-info: | Route | Destination  | Gateway  |    Genmask    | Interface | Flags |[0;32m  OK  [0m] Reached target Sockets.
[
[   58.291687] [0;32m  OK  [0mcloud-init] [1081]: Reached target Basic System.ci-info: +-------+--------------+----------+---------------+-----------+-------+
         Starting Virtualbox guest utils...

[[0;32m  OK  [0m] [   58.399271] Started ACPI event daemon.cloud-init[1081]: 
         ci-info: |   0   |   0.0.0.0    | 10.0.2.2 |    0.0.0.0    |   enp0s3  |   UG  |Starting LXD - container startup/shutdown...
         
Starting LSB: MD monitoring daemon...[   58.562095] 
cloud-init[[0;32m  OK  [0m[1081]: ] Started Unattended Upgrades Shutdown.ci-info: |   1   |   10.0.2.0   | 0.0.0.0  | 255.255.255.0 |   enp0s3  |   U   |
         Starting Login Service...

[[   58.715561] [0;32m  OK  [0mcloud-init] [1081]: Started Deferred execution scheduler.ci-info: |   2   | 192.168.83.0 | 0.0.0.0  | 255.255.255.0 |   enp0s8  |   U   |
         Starting LSB: Record successful boot for GRUB...
         
Starting /etc/rc.local Compatibility...[   58.868486] 
         Starting Snappy daemon...cloud-init
[[0;32m  OK  [0m] [1081]: Started D-Bus System Message Bus.
ci-info: +-------+--------------+----------+---------------+-----------+-------+
[   59.068044] cloud-init[1081]: ci-info: +++++++++++++++++++Route IPv6 info+++++++++++++++++++
[   59.167234]          cloud-initStarting System Logging Service...[1081]: 
[ci-info: +-------+-------------+---------+-----------+-------+[0;32m  OK  [0m] Started Regular background program processing daemon.

         Starting Accounts Service...[   59.398007] 
[[0;32m  OK  [0m] Started FUSE filesystem for LXC.cloud-init
         Starting OpenBSD Secure Shell server...[1081]: 
[[0;32m  OK  [0m] Started System Logging Service.
[[0;32m  OK  [0m] Started LXD - container startup/shutdown.ci-info: | Route | Destination | Gateway | Interface | Flags |
[[0;32m  OK  [0m] Started /etc/rc.local Compatibility.

[   59.765833] cloud-init[1081]: ci-info: +-------+-------------+---------+-----------+-------+[[0;32m  OK  [0m] Started Login to default iSCSI targets.

[[0;32m  OK  [0m] Started LSB: MD monitoring daemon.[   60.192055] 
[[0;32m  OK  [0mcloud-init] Started OpenBSD Secure Shell server.[1081]: 
[ci-info: |   0   |  fe80::/64  |    ::   |   enp0s8  |   U   |[0;32m  OK  [0m] Started Snappy daemon.

[[0;32m  OK  [0m[   60.469380] ] Started LSB: Record successful boot for GRUB.cloud-init
[1081]: ci-info: |   1   |  fe80::/64  |    ::   |   enp0s3  |   U   |
[[   60.670985] [0;32m  OK  [0m] Started Virtualbox guest utils.
cloud-init[[0;32m  OK  [0m] [1081]: Started Login Service.
ci-info: |   6   |   ff00::/8  |    ::   |   enp0s8  |   U   |         Starting Authenticate and Authorize Users to Run Privileged Tasks...
         Starting Wait until snapd is fully seeded...
[[0;32m  OK  [0m] Reached target Remote File Systems (Pre).
[[0;32m  OK  [0m
] Reached target Remote File Systems.[   61.063345] 
         Starting Permit User Sessions...cloud-init
         Starting LSB: automatic crash report generation...
[1081]:          Starting LSB: Set the CPU Frequency Scaling governor to "ondemand"...ci-info: |   7   |   ff00::/8  |    ::   |   enp0s3  |   U   |
         Starting LSB: daemon to balance interrupts for SMP systems...

         [   61.331646] Starting LSB: Start and stop the mysql database server daemon...
cloud-init         [1081]: Starting LSB: Apache2 web server...ci-info: +-------+-------------+---------+-----------+-------+
[[0;32m  OK  [0m] 
Started Wait until snapd is fully seeded.
[[0;32m  OK  [0m] Started Permit User Sessions.
[[0;32m  OK  [0m] Started Authenticate and Authorize Users to Run Privileged Tasks.
[[0;32m  OK  [0m] Started Accounts Service.
[[0;32m  OK  [0m] Started LSB: Set the CPU Frequency Scaling governor to "ondemand".
[[0;32m  OK  [0m] Started LSB: automatic crash report generation.
[[0;32m  OK  [0m] Started LSB: daemon to balance interrupts for SMP systems.
[[0;32m  OK  [0m] Created slice User Slice of vagrant.
[[0;32m  OK  [0m] Started Session 1 of user vagrant.
         Starting User Manager for UID 1000...
         Starting Terminate Plymouth Boot Screen...
         Starting Hold until boot process finishes up...
         Starting Apply the settings specified in cloud-config...
[[0;32m  OK  [0m] Started User Manager for UID 1000.
[[0;32m  OK  [0m] Started Terminate Plymouth Boot Screen.
[[0;32m  OK  [0m] Started Hold until boot process finishes up.
         Starting Set console scheme...
[[0;32m  OK  [0m] Started Getty on tty1.
[[0;32m  OK  [0m] Started Serial Getty on ttyS0.
[[0;32m  OK  [0m] Reached target Login Prompts.
[[0;32m  OK  [0m] Started Set console scheme.
[[0;32m  OK  [0m] Started LSB: Apache2 web server.
[   66.943496] cloud-init[1388]: Cloud-init v. 18.3-9-g2e62cb8a-0ubuntu1~16.04.2 running 'modules:config' at Fri, 04 Jan 2019 10:58:08 +0000. Up 66.27 seconds.
[[0;32m  OK  [0m] Started Apply the settings specified in cloud-config.
[[0;32m  OK  [0m] Started LSB: Start and stop the mysql database server daemon.
[[0;32m  OK  [0m] Reached target Multi-User System.
[[0;32m  OK  [0m] Reached target Graphical Interface.
         Starting Execute cloud user/final scripts...
         Starting Update UTMP about System Runlevel Changes...
[[0;32m  OK  [0m] Started Update UTMP about System Runlevel Changes.

Ubuntu 16.04.5 LTS kouosl ttyS0

kouosl login: [   70.317219] cloud-init[1867]: Cloud-init v. 18.3-9-g2e62cb8a-0ubuntu1~16.04.2 running 'modules:final' at Fri, 04 Jan 2019 10:58:11 +0000. Up 69.60 seconds.
[   70.480604] cloud-init[1867]: Cloud-init v. 18.3-9-g2e62cb8a-0ubuntu1~16.04.2 finished at Fri, 04 Jan 2019 10:58:12 +0000. Datasource DataSourceNoCloud [seed=/dev/sdb][dsmode=net].  Up 70.29 seconds
